<?xml version="1.0" encoding="UTF-8"?>
<testng-results skipped="0" failed="0" ignored="0" total="1" passed="1">
  <reporter-output>
  </reporter-output>
  <suite name="com.gmail.perva4ina.FirstTest" duration-ms="6689" started-at="2017-07-02T14:31:54Z" finished-at="2017-07-02T14:32:01Z">
    <groups>
    </groups>
    <test name="Command line test" duration-ms="6689" started-at="2017-07-02T14:31:54Z" finished-at="2017-07-02T14:32:01Z">
      <class name="com.gmail.perva4ina.FirstTest">
        <test-method status="PASS" signature="setup()[pri:0, instance:com.gmail.perva4ina.FirstTest@3b81a1bc]" name="setup" is-config="true" duration-ms="4193" started-at="2017-07-02T17:31:54Z" finished-at="2017-07-02T17:31:58Z">
          <reporter-output>
          </reporter-output>
        </test-method> <!-- setup -->
        <test-method status="PASS" signature="userLogin()[pri:0, instance:com.gmail.perva4ina.FirstTest@3b81a1bc]" name="userLogin" duration-ms="1668" started-at="2017-07-02T17:31:58Z" finished-at="2017-07-02T17:32:00Z">
          <reporter-output>
          </reporter-output>
        </test-method> <!-- userLogin -->
        <test-method status="PASS" signature="tearDown()[pri:0, instance:com.gmail.perva4ina.FirstTest@3b81a1bc]" name="tearDown" is-config="true" duration-ms="818" started-at="2017-07-02T17:32:00Z" finished-at="2017-07-02T17:32:01Z">
          <reporter-output>
          </reporter-output>
        </test-method> <!-- tearDown -->
      </class> <!-- com.gmail.perva4ina.FirstTest -->
    </test> <!-- Command line test -->
  </suite> <!-- com.gmail.perva4ina.FirstTest -->
</testng-results>
